<?xml version="1.0" encoding="UTF-8"?>
<!-- Generated by org.testng.reporters.JUnitXMLReporter -->
<testsuite ignored="0" hostname="LAPTOP-RuchiraA" failures="0" tests="9" name="Default test" time="11.933" errors="0" timestamp="2024-03-13T11:02:50 NZDT">
  <testcase classname="api.test.DDTests" name="testPostUser" time="2.367"/>
  <testcase classname="api.test.DDTests" name="testPostUser" time="1.093"/>
  <testcase classname="api.test.DDTests" name="testPostUser" time="1.088"/>
  <testcase classname="api.test.DDTests" name="testGetUserByName" time="1.098"/>
  <testcase classname="api.test.DDTests" name="testGetUserByName" time="1.06"/>
  <testcase classname="api.test.DDTests" name="testGetUserByName" time="1.073"/>
  <testcase classname="api.test.DDTests" name="testDeleteUserByName" time="1.067"/>
  <testcase classname="api.test.DDTests" name="testDeleteUserByName" time="1.064"/>
  <testcase classname="api.test.DDTests" name="testDeleteUserByName" time="1.061"/>
</testsuite> <!-- Default test -->
