<?xml version="1.0" encoding="UTF-8"?>
<testng-results ignored="0" total="4" passed="4" failed="0" skipped="0">
  <reporter-output>
  </reporter-output>
  <suite started-at="2024-03-15T15:42:35 NZDT" name="PetSuite" finished-at="2024-03-15T15:42:46 NZDT" duration-ms="10445">
    <groups>
    </groups>
    <test started-at="2024-03-15T15:42:35 NZDT" name="PetTests" finished-at="2024-03-15T15:42:46 NZDT" duration-ms="10445">
      <class name="api.test.UserTests2">
        <test-method is-config="true" signature="setup()[pri:0, instance:api.test.UserTests2@42e99e4a]" started-at="2024-03-15T15:42:36 NZDT" name="setup" finished-at="2024-03-15T15:42:36 NZDT" duration-ms="755" status="PASS">
          <reporter-output>
          </reporter-output>
        </test-method> <!-- setup -->
        <test-method signature="testPostUser()[pri:1, instance:api.test.UserTests2@42e99e4a]" started-at="2024-03-15T15:42:36 NZDT" name="testPostUser" finished-at="2024-03-15T15:42:40 NZDT" duration-ms="3942" status="PASS">
          <reporter-output>
          </reporter-output>
        </test-method> <!-- testPostUser -->
        <test-method signature="testGetUserByName()[pri:2, instance:api.test.UserTests2@42e99e4a]" started-at="2024-03-15T15:42:40 NZDT" name="testGetUserByName" finished-at="2024-03-15T15:42:41 NZDT" duration-ms="1124" status="PASS">
          <reporter-output>
          </reporter-output>
        </test-method> <!-- testGetUserByName -->
        <test-method signature="testUpdateUserByName()[pri:3, instance:api.test.UserTests2@42e99e4a]" started-at="2024-03-15T15:42:41 NZDT" name="testUpdateUserByName" finished-at="2024-03-15T15:42:44 NZDT" duration-ms="2204" status="PASS">
          <reporter-output>
          </reporter-output>
        </test-method> <!-- testUpdateUserByName -->
        <test-method signature="testDeleteUserByName()[pri:4, instance:api.test.UserTests2@42e99e4a]" started-at="2024-03-15T15:42:44 NZDT" name="testDeleteUserByName" finished-at="2024-03-15T15:42:46 NZDT" duration-ms="2204" status="PASS">
          <reporter-output>
          </reporter-output>
        </test-method> <!-- testDeleteUserByName -->
      </class> <!-- api.test.UserTests2 -->
    </test> <!-- PetTests -->
  </suite> <!-- PetSuite -->
</testng-results>
