<?xml version="1.0" encoding="UTF-8"?>
<testng-results ignored="0" total="4" passed="4" failed="0" skipped="0">
  <reporter-output>
  </reporter-output>
  <suite started-at="2024-03-15T13:20:21 NZDT" name="PetSuite" finished-at="2024-03-15T13:20:30 NZDT" duration-ms="8365">
    <groups>
    </groups>
    <test started-at="2024-03-15T13:20:21 NZDT" name="PetTests" finished-at="2024-03-15T13:20:30 NZDT" duration-ms="8365">
      <class name="api.test.UserTests2">
        <test-method is-config="true" signature="setup()[pri:0, instance:api.test.UserTests2@33d512c1]" started-at="2024-03-15T13:20:21 NZDT" name="setup" finished-at="2024-03-15T13:20:22 NZDT" duration-ms="492" status="PASS">
          <reporter-output>
          </reporter-output>
        </test-method> <!-- setup -->
        <test-method signature="testPostUser()[pri:1, instance:api.test.UserTests2@33d512c1]" started-at="2024-03-15T13:20:22 NZDT" name="testPostUser" finished-at="2024-03-15T13:20:24 NZDT" duration-ms="2268" status="PASS">
          <reporter-output>
          </reporter-output>
        </test-method> <!-- testPostUser -->
        <test-method signature="testGetUserByName()[pri:2, instance:api.test.UserTests2@33d512c1]" started-at="2024-03-15T13:20:24 NZDT" name="testGetUserByName" finished-at="2024-03-15T13:20:25 NZDT" duration-ms="1105" status="PASS">
          <reporter-output>
          </reporter-output>
        </test-method> <!-- testGetUserByName -->
        <test-method signature="testUpdateUserByName()[pri:3, instance:api.test.UserTests2@33d512c1]" started-at="2024-03-15T13:20:25 NZDT" name="testUpdateUserByName" finished-at="2024-03-15T13:20:27 NZDT" duration-ms="2138" status="PASS">
          <reporter-output>
          </reporter-output>
        </test-method> <!-- testUpdateUserByName -->
        <test-method signature="testDeleteUserByName()[pri:4, instance:api.test.UserTests2@33d512c1]" started-at="2024-03-15T13:20:27 NZDT" name="testDeleteUserByName" finished-at="2024-03-15T13:20:30 NZDT" duration-ms="2180" status="PASS">
          <reporter-output>
          </reporter-output>
        </test-method> <!-- testDeleteUserByName -->
      </class> <!-- api.test.UserTests2 -->
    </test> <!-- PetTests -->
  </suite> <!-- PetSuite -->
</testng-results>
