<?xml version="1.0" encoding="UTF-8"?>
<!-- Generated by org.testng.reporters.JUnitXMLReporter -->
<testsuite ignored="0" hostname="LAPTOP-RuchiraA" failures="0" tests="4" name="PetTests" time="10.445" errors="0" timestamp="2024-03-15T15:42:46 NZDT">
  <testcase classname="api.test.UserTests2" name="testPostUser" time="3.942"/>
  <testcase classname="api.test.UserTests2" name="testGetUserByName" time="1.124"/>
  <testcase classname="api.test.UserTests2" name="testUpdateUserByName" time="2.204"/>
  <testcase classname="api.test.UserTests2" name="testDeleteUserByName" time="2.204"/>
</testsuite> <!-- PetTests -->
